build/app/outputs/mapping/release/seeds.txt
com.hafeezullah.gogobook.gogobook.MainActivity
com.hafeezullah.gogobook.gogobook.MainActivity: MainActivity()
...
com.google.android.gms.internal.clearcut.zzgw$zza$zzb: int zzbb
com.google.firestore.v1.WriteRequest: int LABELS_FIELD_NUMBER
io.flutter.view.AccessibilityViewEmbedder: android.view.View rootAccessibilityView
com.google.android.gms.tasks.zzw: boolean zzc
com.google.android.gms.internal.firebase-auth-api.zzsh: com.google.android.gms.internal.firebase-auth-api.zzaff zzf
androidx.window.layout.ExtensionsWindowLayoutInfoAdapter: androidx.window.layout.ExtensionsWindowLayoutInfoAdapter INSTANCE
com.google.android.recaptcha.internal.zzd: com.google.android.recaptcha.internal.zzd zzn
com.google.android.recaptcha.internal.zzka: com.google.android.recaptcha.internal.zzjd zzc
androidx.window.core.Version: androidx.window.core.Version VERSION_1_0
com.google.android.recaptcha.internal.zzbn: com.google.android.recaptcha.internal.zzbm zza
com.google.android.recaptcha.internal.zzah: java.lang.String zzc
com.google.android.gms.internal.measurement.zzey: com.google.android.gms.internal.measurement.zzli zzh
com.google.firestore.v1.DocumentTransform$FieldTransform: int MINIMUM_FIELD_NUMBER
com.google.android.recaptcha.internal.zzjp: boolean zze
com.google.android.recaptcha.internal.zzlu: com.google.android.recaptcha.internal.zzlu zzb
com.google.android.recaptcha.internal.zzeo: int zzc
io.flutter.embedding.engine.FlutterJNI: io.flutter.plugin.localization.LocalizationPlugin localizationPlugin
com.google.android.recaptcha.internal.zzkp: com.google.android.recaptcha.internal.zzkp zzb
com.google.android.recaptcha.internal.zzcu: java.lang.Long zzb
com.google.android.gms.internal.measurement.zzgt: int zzd
com.google.firestore.v1.RunAggregationQueryResponse: com.google.firestore.v1.RunAggregationQueryResponse DEFAULT_INSTANCE
com.google.android.recaptcha.internal.zzft: double[] zzb
com.google.android.gms.internal.measurement.zzgi: com.google.android.gms.internal.measurement.zzli zzf
com.google.android.gms.internal.measurement.zzff: java.lang.String zzq
com.google.firestore.v1.ListenRequest: com.google.protobuf.Parser PARSER
com.google.android.recaptcha.internal.zzkx: com.google.android.recaptcha.internal.zzfw zzs
com.google.firestore.v1.Value: int MAP_VALUE_FIELD_NUMBER
io.flutter.plugin.editing.ImeSyncDeferringInsetsCallback: boolean needsSave
com.google.protobuf.GeneratedMessageLite: int MEMOIZED_SERIALIZED_SIZE_MASK
androidx.window.R$styleable: int SplitPlaceholderRule_splitMinWidth
com.google.android.gms.internal.vision.zzfi$zzn: com.google.android.gms.internal.vision.zzfi$zzc zzg
com.google.android.recaptcha.internal.zzch: com.google.android.recaptcha.internal.zzch zza
com.google.android.gms.measurement.AppMeasurement$ConditionalUserProperty: android.os.Bundle mTriggeredEventParams
com.google.android.recaptcha.internal.zzfd: java.io.InputStream zze
kotlinx.coroutines.internal.ThreadSafeHeap: int _size
com.google.android.recaptcha.internal.zzjp: java.lang.Class zzd
com.google.android.recaptcha.internal.zzda: android.webkit.WebView zzc
com.google.android.recaptcha.internal.zzfb: int zzi
com.google.firestore.v1.ListenResponse: int TARGET_CHANGE_FIELD_NUMBER
androidx.window.R$styleable: int SplitPlaceholderRule_splitMinSmallestWidth
com.google.firestore.v1.StructuredQuery$Projection: com.google.firestore.v1.StructuredQuery$Projection DEFAULT_INSTANCE
com.google.android.gms.internal.firebase-auth-api.zzok: com.google.android.gms.internal.firebase-auth-api.zzaff zze
com.google.firestore.v1.DocumentTransform: int DOCUMENT_FIELD_NUMBER
com.google.android.gms.tasks.zzj: java.util.concurrent.Executor zza
com.google.android.recaptcha.internal.zzjv: com.google.android.recaptcha.internal.zzjw zzt
io.grpc.util.RoundRobinLoadBalancer$ReadyPicker: int index
com.google.android.recaptcha.internal.zzhm: com.google.android.recaptcha.internal.zzhm zza
androidx.window.embedding.MatcherUtils: java.lang.String sMatchersTag
com.google.firestore.v1.StructuredQuery$Projection: int FIELDS_FIELD_NUMBER