build/app/outputs/mapping/release/mapping.txt
# compiler: R8
# compiler_version: 3.2.47
# min_api: 22
# common_typos_disable
# {"id":"com.android.tools.r8.mapping","version":"2.0"}
# pg_map_id: 50a46b7
# pg_map_hash: SHA-256 50a46b7573be808ce7b0b6905f45510e88a62e34d06014db73477bcac25277a2
...
com.google.android.gms.internal.firebase-auth-api.zzaac -> com.google.android.gms.internal.firebase-auth-api.e:
    com.google.android.gms.tasks.Task zzh(com.google.firebase.FirebaseApp,com.google.firebase.auth.FirebaseUser,com.google.firebase.auth.PhoneMultiFactorAssertion,java.lang.String,com.google.firebase.auth.internal.zzg) -> A
    com.google.android.gms.tasks.Task zzi(com.google.firebase.FirebaseApp,com.google.firebase.auth.FirebaseUser,com.google.firebase.auth.zzat,java.lang.String,com.google.firebase.auth.internal.zzg,java.lang.String) -> B
    com.google.android.gms.tasks.Task zzj(com.google.firebase.FirebaseApp,com.google.firebase.auth.FirebaseUser,java.lang.String,com.google.firebase.auth.internal.zzbw) -> C
    com.google.android.gms.tasks.Task zzk() -> D
    com.google.android.gms.tasks.Task zzl(java.lang.String,java.lang.String) -> E
    com.google.android.gms.tasks.Task zzm(com.google.firebase.FirebaseApp,com.google.firebase.auth.FirebaseUser,com.google.firebase.auth.AuthCredential,com.google.firebase.auth.internal.zzbw) -> F
    com.google.android.gms.tasks.Task zzo(com.google.firebase.FirebaseApp,com.google.firebase.auth.FirebaseUser,com.google.firebase.auth.AuthCredential,java.lang.String,com.google.firebase.auth.internal.zzbw) -> G
    com.google.android.gms.tasks.Task zzq(com.google.firebase.FirebaseApp,com.google.firebase.auth.FirebaseUser,com.google.firebase.auth.EmailAuthCredential,java.lang.String,com.google.firebase.auth.internal.zzbw) -> H
com.google.android.gms.internal.firebase-auth-api.zzaad -> com.google.android.gms.internal.firebase-auth-api.f:
    void zzb(java.lang.String) -> a
    void zzj(com.google.android.gms.internal.firebase-auth-api.zzadd) -> b
    void zzk(com.google.android.gms.internal.firebase-auth-api.zzade,com.google.android.gms.internal.firebase-auth-api.zzacv) -> c
    void zzi(com.google.android.gms.internal.firebase-auth-api.zzada) -> d
    void zzf(com.google.android.gms.internal.firebase-auth-api.zzwn) -> e
    void zzl(com.google.android.gms.internal.firebase-auth-api.zzadn) -> f
    void zzg(com.google.android.gms.common.api.Status,com.google.firebase.auth.PhoneAuthCredential) -> g
    void zzc(com.google.android.gms.internal.firebase-auth-api.zzacj) -> h
    void zzp(com.google.android.gms.internal.firebase-auth-api.zzade) -> i
    void zzn(java.lang.String) -> j
    void zze(com.google.android.gms.internal.firebase-auth-api.zzwm) -> k
    void zzq(com.google.firebase.auth.PhoneAuthCredential) -> l
    void zzh(com.google.android.gms.common.api.Status) -> m
com.google.android.gms.internal.firebase-auth-api.zzaae -> com.google.android.gms.internal.firebase-auth-api.g:
    com.google.android.gms.common.logging.Logger zzb -> b
    com.google.android.gms.internal.firebase-auth-api.zzaad zza -> a
    void zza(java.lang.String) -> a
    void zzb(java.lang.String) -> b
    void zzc(com.google.android.gms.internal.firebase-auth-api.zzacj) -> c
    void zzd() -> d
    void zze(com.google.android.gms.internal.firebase-auth-api.zzwm) -> e
    void zzf(com.google.android.gms.internal.firebase-auth-api.zzwn) -> f
    void zzg(com.google.android.gms.common.api.Status,com.google.firebase.auth.PhoneAuthCredential) -> g
    void zzh(com.google.android.gms.common.api.Status) -> h
    void zzi(com.google.android.gms.internal.firebase-auth-api.zzada) -> i
    void zzj(com.google.android.gms.internal.firebase-auth-api.zzadd) -> j
    void zzk(com.google.android.gms.internal.firebase-auth-api.zzade,com.google.android.gms.internal.firebase-auth-api.zzacv) -> k
    void zzl(com.google.android.gms.internal.firebase-auth-api.zzadn) -> l
    void zzm() -> m
    void zzn(java.lang.String) -> n
    void zzp(com.google.android.gms.internal.firebase-auth-api.zzade) -> o
    void zzq(com.google.firebase.auth.PhoneAuthCredential) -> p