build/app/outputs/mapping/release/usage.txt
com.hafeezullah.gogobook.gogobook.BuildConfig
com.hafeezullah.gogobook.gogobook.R$anim
com.hafeezullah.gogobook.gogobook.R$animator
com.hafeezullah.gogobook.gogobook.R$attr
com.hafeezullah.gogobook.gogobook.R$bool
com.hafeezullah.gogobook.gogobook.R$color
com.hafeezullah.gogobook.gogobook.R$dimen
com.hafeezullah.gogobook.gogobook.R$drawable
com.hafeezullah.gogobook.gogobook.R$id
com.hafeezullah.gogobook.gogobook.R$integer
com.hafeezullah.gogobook.gogobook.R$interpolator
com.hafeezullah.gogobook.gogobook.R$layout
com.hafeezullah.gogobook.gogobook.R$mipmap
com.hafeezullah.gogobook.gogobook.R$plurals
com.hafeezullah.gogobook.gogobook.R$raw
com.hafeezullah.gogobook.gogobook.R$string
com.hafeezullah.gogobook.gogobook.R$style
com.hafeezullah.gogobook.gogobook.R$styleable
com.hafeezullah.gogobook.gogobook.R$xml
com.hafeezullah.gogobook.gogobook.R
...
com.google.android.gms.internal.clearcut.zzt$zza
com.google.android.gms.internal.clearcut.zzt
com.google.android.gms.internal.clearcut.zzu
com.google.android.gms.internal.clearcut.zzv
com.google.android.gms.internal.clearcut.zzw
com.google.android.gms.internal.clearcut.zzx
com.google.android.gms.internal.common.zza:
    protected final void zzC(int,android.os.Parcel)
    protected final void zzD(int,android.os.Parcel)
com.google.android.gms.internal.common.zzaa
com.google.android.gms.internal.common.zzab
com.google.android.gms.internal.common.zzac
com.google.android.gms.internal.common.zzad
com.google.android.gms.internal.common.zzae
com.google.android.gms.internal.common.zzaf
com.google.android.gms.internal.common.zzag
com.google.android.gms.internal.common.zzah
com.google.android.gms.internal.common.zzai
com.google.android.gms.internal.common.zzaj
com.google.android.gms.internal.common.zzak
com.google.android.gms.internal.common.zzc:
    public static final synthetic int zza
    public static void zzd(android.os.Parcel,android.os.Parcelable)
com.google.android.gms.internal.common.zze
com.google.android.gms.internal.common.zzf
com.google.android.gms.internal.common.zzg
com.google.android.gms.internal.common.zzh
com.google.android.gms.internal.common.zzi:
    public void <init>()
com.google.android.gms.internal.common.zzj
com.google.android.gms.internal.common.zzk
com.google.android.gms.internal.common.zzl
com.google.android.gms.internal.common.zzm
com.google.android.gms.internal.common.zzn
com.google.android.gms.internal.common.zzo
com.google.android.gms.internal.common.zzp
com.google.android.gms.internal.common.zzq
com.google.android.gms.internal.common.zzr
com.google.android.gms.internal.common.zzs
com.google.android.gms.internal.common.zzt
com.google.android.gms.internal.common.zzu
com.google.android.gms.internal.common.zzv
com.google.android.gms.internal.common.zzw
com.google.android.gms.internal.common.zzx
com.google.android.gms.internal.common.zzy
com.google.android.gms.internal.common.zzz
com.google.android.gms.internal.fido.zza
com.google.android.gms.internal.fido.zzaa
com.google.android.gms.internal.fido.zzab
com.google.android.gms.internal.fido.zzac
com.google.android.gms.internal.fido.zzad
com.google.android.gms.internal.fido.zzae
com.google.android.gms.internal.fido.zzaf
com.google.android.gms.internal.fido.zzag
com.google.android.gms.internal.fido.zzah
com.google.android.gms.internal.fido.zzai
com.google.android.gms.internal.fido.zzaj
com.google.android.gms.internal.fido.zzak
com.google.android.gms.internal.fido.zzal
com.google.android.gms.internal.fido.zzam
com.google.android.gms.internal.fido.zzan
com.google.android.gms.internal.fido.zzao
com.google.android.gms.internal.fido.zzap
com.google.android.gms.internal.fido.zzaq
com.google.android.gms.internal.fido.zzar
com.google.android.gms.internal.fido.zzas
com.google.android.gms.internal.fido.zzat
com.google.android.gms.internal.fido.zzau
com.google.android.gms.internal.fido.zzav
com.google.android.gms.internal.fido.zzaw
com.google.android.gms.internal.fido.zzax
com.google.android.gms.internal.fido.zzay
com.google.android.gms.internal.fido.zzaz
com.google.android.gms.internal.fido.zzb
com.google.android.gms.internal.fido.zzba
com.google.android.gms.internal.fido.zzbb
com.google.android.gms.internal.fido.zzbc
com.google.android.gms.internal.fido.zzbd
com.google.android.gms.internal.fido.zzbe
com.google.android.gms.internal.fido.zzbf
com.google.android.gms.internal.fido.zzbg
com.google.android.gms.internal.fido.zzbh
com.google.android.gms.internal.fido.zzbi
com.google.android.gms.internal.fido.zzbj
com.google.android.gms.internal.fido.zzbk
com.google.android.gms.internal.fido.zzc
com.google.android.gms.internal.fido.zzd
com.google.android.gms.internal.fido.zze
com.google.android.gms.internal.fido.zzf
com.google.android.gms.internal.fido.zzg
com.google.android.gms.internal.fido.zzh
com.google.android.gms.internal.fido.zzi
com.google.android.gms.internal.fido.zzj